<?xml version="1.0" encoding="UTF-8"?>
<!-- Generated by org.testng.reporters.JUnitXMLReporter -->
<testsuite ignored="0" hostname="DESKTOP-QBPT91Q" failures="0" tests="6" name="Default test" time="70.597" errors="0" timestamp="2024-12-03T17:53:59 IST">
  <testcase classname="Taqtics_.Taqtics_login" name="testSuccessfulLogin" time="9.304"/>
  <testcase classname="Taqtics_.Taqtics_login" name="testInvalidcredentials" time="9.082"/>
  <testcase classname="Taqtics_.Taqtics_login" name="testInvalidPassword" time="8.278"/>
  <testcase classname="Taqtics_.Taqtics_login" name="testInvalidEmail" time="8.032"/>
  <testcase classname="Taqtics_.Taqtics_login" name="testEmptyE" time="10.226"/>
  <testcase classname="Taqtics_.Taqtics_login" name="testEmptyP" time="8.867"/>
</testsuite> <!-- Default test -->
