<?xml version="1.0" encoding="UTF-8"?>
<testng-results ignored="0" total="6" passed="6" failed="0" skipped="0">
  <reporter-output>
  </reporter-output>
  <suite started-at="2024-12-03T17:52:48 IST" name="Default suite" finished-at="2024-12-03T17:53:59 IST" duration-ms="70597">
    <groups>
    </groups>
    <test started-at="2024-12-03T17:52:48 IST" name="Default test" finished-at="2024-12-03T17:53:59 IST" duration-ms="70597">
      <class name="Taqtics_.Taqtics_login">
        <test-method is-config="true" signature="InitializeBrowser()[pri:0, instance:Taqtics_.Taqtics_login@31368b99]" started-at="2024-12-03T17:52:49 IST" name="InitializeBrowser" finished-at="2024-12-03T17:52:50 IST" duration-ms="1551" status="PASS">
          <reporter-output>
          </reporter-output>
        </test-method> <!-- InitializeBrowser -->
        <test-method signature="testSuccessfulLogin()[pri:1, instance:Taqtics_.Taqtics_login@31368b99]" started-at="2024-12-03T17:52:50 IST" name="testSuccessfulLogin" finished-at="2024-12-03T17:52:59 IST" duration-ms="9304" status="PASS">
          <reporter-output>
          </reporter-output>
        </test-method> <!-- testSuccessfulLogin -->
        <test-method is-config="true" signature="InitializeBrowser()[pri:0, instance:Taqtics_.Taqtics_login@31368b99]" started-at="2024-12-03T17:52:59 IST" name="InitializeBrowser" finished-at="2024-12-03T17:53:02 IST" duration-ms="2676" status="PASS">
          <reporter-output>
          </reporter-output>
        </test-method> <!-- InitializeBrowser -->
        <test-method signature="testInvalidcredentials()[pri:2, instance:Taqtics_.Taqtics_login@31368b99]" started-at="2024-12-03T17:53:02 IST" name="testInvalidcredentials" finished-at="2024-12-03T17:53:11 IST" duration-ms="9082" status="PASS">
          <reporter-output>
          </reporter-output>
        </test-method> <!-- testInvalidcredentials -->
        <test-method is-config="true" signature="InitializeBrowser()[pri:0, instance:Taqtics_.Taqtics_login@31368b99]" started-at="2024-12-03T17:53:11 IST" name="InitializeBrowser" finished-at="2024-12-03T17:53:13 IST" duration-ms="2258" status="PASS">
          <reporter-output>
          </reporter-output>
        </test-method> <!-- InitializeBrowser -->
        <test-method signature="testInvalidPassword()[pri:3, instance:Taqtics_.Taqtics_login@31368b99]" started-at="2024-12-03T17:53:13 IST" name="testInvalidPassword" finished-at="2024-12-03T17:53:22 IST" duration-ms="8278" status="PASS">
          <reporter-output>
          </reporter-output>
        </test-method> <!-- testInvalidPassword -->
        <test-method is-config="true" signature="InitializeBrowser()[pri:0, instance:Taqtics_.Taqtics_login@31368b99]" started-at="2024-12-03T17:53:22 IST" name="InitializeBrowser" finished-at="2024-12-03T17:53:25 IST" duration-ms="3061" status="PASS">
          <reporter-output>
          </reporter-output>
        </test-method> <!-- InitializeBrowser -->
        <test-method signature="testInvalidEmail()[pri:4, instance:Taqtics_.Taqtics_login@31368b99]" started-at="2024-12-03T17:53:25 IST" name="testInvalidEmail" finished-at="2024-12-03T17:53:33 IST" duration-ms="8032" status="PASS">
          <reporter-output>
          </reporter-output>
        </test-method> <!-- testInvalidEmail -->
        <test-method is-config="true" signature="InitializeBrowser()[pri:0, instance:Taqtics_.Taqtics_login@31368b99]" started-at="2024-12-03T17:53:33 IST" name="InitializeBrowser" finished-at="2024-12-03T17:53:37 IST" duration-ms="4521" status="PASS">
          <reporter-output>
          </reporter-output>
        </test-method> <!-- InitializeBrowser -->
        <test-method signature="testEmptyE()[pri:5, instance:Taqtics_.Taqtics_login@31368b99]" started-at="2024-12-03T17:53:37 IST" name="testEmptyE" finished-at="2024-12-03T17:53:48 IST" duration-ms="10226" status="PASS">
          <reporter-output>
          </reporter-output>
        </test-method> <!-- testEmptyE -->
        <test-method is-config="true" signature="InitializeBrowser()[pri:0, instance:Taqtics_.Taqtics_login@31368b99]" started-at="2024-12-03T17:53:48 IST" name="InitializeBrowser" finished-at="2024-12-03T17:53:50 IST" duration-ms="2703" status="PASS">
          <reporter-output>
          </reporter-output>
        </test-method> <!-- InitializeBrowser -->
        <test-method signature="testEmptyP()[pri:6, instance:Taqtics_.Taqtics_login@31368b99]" started-at="2024-12-03T17:53:50 IST" name="testEmptyP" finished-at="2024-12-03T17:53:59 IST" duration-ms="8867" status="PASS">
          <reporter-output>
          </reporter-output>
        </test-method> <!-- testEmptyP -->
      </class> <!-- Taqtics_.Taqtics_login -->
    </test> <!-- Default test -->
  </suite> <!-- Default suite -->
</testng-results>
